<?xml version="1.0" encoding="UTF-8"?>
<coverage generated="1684032826213" clover="3.2.0">
  <project timestamp="1684032826214" name="All files">
    <metrics statements="25" coveredstatements="24" conditionals="12" coveredconditionals="11" methods="12" coveredmethods="12" elements="49" coveredelements="47" complexity="0" loc="25" ncloc="25" packages="5" files="9" classes="9"/>
    <package name="src">
      <metrics statements="1" coveredstatements="0" conditionals="0" coveredconditionals="0" methods="0" coveredmethods="0"/>
      <file name="main.jsx" path="C:\Users\amori\Documents\estudos\estudos\project-strap\reactvite\src\main.jsx">
        <metrics statements="1" coveredstatements="0" conditionals="0" coveredconditionals="0" methods="0" coveredmethods="0"/>
        <line num="6" count="0" type="stmt"/>
      </file>
    </package>
    <package name="src.Components.Heading">
      <metrics statements="10" coveredstatements="10" conditionals="8" coveredconditionals="8" methods="6" coveredmethods="6"/>
      <file name="index.jsx" path="C:\Users\amori\Documents\estudos\estudos\project-strap\reactvite\src\Components\Heading\index.jsx">
        <metrics statements="3" coveredstatements="3" conditionals="4" coveredconditionals="4" methods="1" coveredmethods="1"/>
        <line num="4" count="2" type="stmt"/>
        <line num="11" count="15" type="stmt"/>
        <line num="23" count="2" type="stmt"/>
      </file>
      <file name="styles.js" path="C:\Users\amori\Documents\estudos\estudos\project-strap\reactvite\src\Components\Heading\styles.js">
        <metrics statements="7" coveredstatements="7" conditionals="4" coveredconditionals="4" methods="5" coveredmethods="5"/>
        <line num="13" count="2" type="stmt"/>
        <line num="14" count="1" type="stmt"/>
        <line num="17" count="1" type="stmt"/>
        <line num="20" count="13" type="stmt"/>
        <line num="26" count="13" type="stmt"/>
        <line num="30" count="2" type="stmt"/>
        <line num="31" count="15" type="stmt"/>
      </file>
    </package>
    <package name="src.Components.MenuLink">
      <metrics statements="5" coveredstatements="5" conditionals="2" coveredconditionals="2" methods="2" coveredmethods="2"/>
      <file name="index.jsx" path="C:\Users\amori\Documents\estudos\estudos\project-strap\reactvite\src\Components\MenuLink\index.jsx">
        <metrics statements="3" coveredstatements="3" conditionals="2" coveredconditionals="2" methods="1" coveredmethods="1"/>
        <line num="5" count="1" type="stmt"/>
        <line num="10" count="10" type="stmt"/>
        <line num="17" count="1" type="stmt"/>
      </file>
      <file name="styles.js" path="C:\Users\amori\Documents\estudos\estudos\project-strap\reactvite\src\Components\MenuLink\styles.js">
        <metrics statements="2" coveredstatements="2" conditionals="0" coveredconditionals="0" methods="1" coveredmethods="1"/>
        <line num="3" count="1" type="stmt"/>
        <line num="4" count="10" type="stmt"/>
      </file>
    </package>
    <package name="src.Components.TextComponent">
      <metrics statements="5" coveredstatements="5" conditionals="0" coveredconditionals="0" methods="2" coveredmethods="2"/>
      <file name="index.jsx" path="C:\Users\amori\Documents\estudos\estudos\project-strap\reactvite\src\Components\TextComponent\index.jsx">
        <metrics statements="3" coveredstatements="3" conditionals="0" coveredconditionals="0" methods="1" coveredmethods="1"/>
        <line num="4" count="1" type="stmt"/>
        <line num="5" count="2" type="stmt"/>
        <line num="8" count="1" type="stmt"/>
      </file>
      <file name="styles.js" path="C:\Users\amori\Documents\estudos\estudos\project-strap\reactvite\src\Components\TextComponent\styles.js">
        <metrics statements="2" coveredstatements="2" conditionals="0" coveredconditionals="0" methods="1" coveredmethods="1"/>
        <line num="3" count="1" type="stmt"/>
        <line num="4" count="2" type="stmt"/>
      </file>
    </package>
    <package name="src.templates.App">
      <metrics statements="4" coveredstatements="4" conditionals="2" coveredconditionals="1" methods="2" coveredmethods="2"/>
      <file name="index.jsx" path="C:\Users\amori\Documents\estudos\estudos\project-strap\reactvite\src\templates\App\index.jsx">
        <metrics statements="2" coveredstatements="2" conditionals="0" coveredconditionals="0" methods="1" coveredmethods="1"/>
        <line num="4" count="1" type="stmt"/>
        <line num="5" count="1" type="stmt"/>
      </file>
      <file name="styles.js" path="C:\Users\amori\Documents\estudos\estudos\project-strap\reactvite\src\templates\App\styles.js">
        <metrics statements="2" coveredstatements="2" conditionals="2" coveredconditionals="1" methods="1" coveredmethods="1"/>
        <line num="3" count="1" type="stmt"/>
        <line num="4" count="1" type="stmt"/>
      </file>
    </package>
  </project>
</coverage>
