{"C:\\Users\\amori\\Documents\\estudos\\estudos\\project-strap\\reactvite\\src\\Api\\map-data.js": {"path":"C:\\Users\\amori\\Documents\\estudos\\estudos\\project-strap\\reactvite\\src\\Api\\map-data.js","statementMap":{"0":{"start":{"line":7,"column":2},"end":{"line":21,"column":4}},"1":{"start":{"line":12,"column":18},"end":{"line":12,"column":21}},"2":{"start":{"line":14,"column":2},"end":{"line":20,"column":4}}},"fnMap":{"0":{"name":"mapDate","decl":{"start":{"line":5,"column":24},"end":{"line":5,"column":31}},"loc":{"start":{"line":5,"column":50},"end":{"line":22,"column":1}},"line":5},"1":{"name":"(anonymous_1)","decl":{"start":{"line":7,"column":23},"end":{"line":7,"column":24}},"loc":{"start":{"line":7,"column":32},"end":{"line":21,"column":3}},"line":7}},"branchMap":{"0":{"loc":{"start":{"line":5,"column":32},"end":{"line":5,"column":48}},"type":"default-arg","locations":[{"start":{"line":5,"column":44},"end":{"line":5,"column":48}}],"line":5},"1":{"loc":{"start":{"line":8,"column":11},"end":{"line":8,"column":19}},"type":"default-arg","locations":[{"start":{"line":8,"column":17},"end":{"line":8,"column":19}}],"line":8},"2":{"loc":{"start":{"line":9,"column":4},"end":{"line":9,"column":12}},"type":"default-arg","locations":[{"start":{"line":9,"column":10},"end":{"line":9,"column":12}}],"line":9},"3":{"loc":{"start":{"line":10,"column":4},"end":{"line":10,"column":13}},"type":"default-arg","locations":[{"start":{"line":10,"column":11},"end":{"line":10,"column":13}}],"line":10},"4":{"loc":{"start":{"line":11,"column":4},"end":{"line":11,"column":16}},"type":"default-arg","locations":[{"start":{"line":11,"column":14},"end":{"line":11,"column":16}}],"line":11},"5":{"loc":{"start":{"line":12,"column":4},"end":{"line":12,"column":13}},"type":"default-arg","locations":[{"start":{"line":12,"column":11},"end":{"line":12,"column":13}}],"line":12}},"s":{"0":2,"1":2,"2":2},"f":{"0":2,"1":2},"b":{"0":[1],"1":[1],"2":[2],"3":[2],"4":[2],"5":[2]},"_coverageSchema":"1a1c01bbd47fc00a2c39e90264f33305004495a9","hash":"4d476659a3dd9e9c98b796dcd93eb5a634ed9d28"}
,"C:\\Users\\amori\\Documents\\estudos\\estudos\\project-strap\\reactvite\\src\\Api\\map-link.js": {"path":"C:\\Users\\amori\\Documents\\estudos\\estudos\\project-strap\\reactvite\\src\\Api\\map-link.js","statementMap":{"0":{"start":{"line":8,"column":6},"end":{"line":8,"column":14}},"1":{"start":{"line":9,"column":2},"end":{"line":15,"column":4}},"2":{"start":{"line":18,"column":28},"end":{"line":31,"column":1}},"3":{"start":{"line":19,"column":2},"end":{"line":30,"column":5}},"4":{"start":{"line":24,"column":8},"end":{"line":24,"column":13}},"5":{"start":{"line":25,"column":4},"end":{"line":29,"column":6}}},"fnMap":{"0":{"name":"mapLink","decl":{"start":{"line":1,"column":24},"end":{"line":1,"column":31}},"loc":{"start":{"line":1,"column":47},"end":{"line":16,"column":1}},"line":1},"1":{"name":"(anonymous_1)","decl":{"start":{"line":18,"column":28},"end":{"line":18,"column":29}},"loc":{"start":{"line":18,"column":44},"end":{"line":31,"column":1}},"line":18},"2":{"name":"(anonymous_2)","decl":{"start":{"line":19,"column":19},"end":{"line":19,"column":20}},"loc":{"start":{"line":19,"column":30},"end":{"line":30,"column":3}},"line":19}},"branchMap":{"0":{"loc":{"start":{"line":1,"column":32},"end":{"line":1,"column":45}},"type":"default-arg","locations":[{"start":{"line":1,"column":43},"end":{"line":1,"column":45}}],"line":1},"1":{"loc":{"start":{"line":3,"column":21},"end":{"line":3,"column":35}},"type":"default-arg","locations":[{"start":{"line":3,"column":30},"end":{"line":3,"column":35}}],"line":3},"2":{"loc":{"start":{"line":4,"column":15},"end":{"line":4,"column":24}},"type":"default-arg","locations":[{"start":{"line":4,"column":22},"end":{"line":4,"column":24}}],"line":4},"3":{"loc":{"start":{"line":5,"column":10},"end":{"line":5,"column":30}},"type":"default-arg","locations":[{"start":{"line":5,"column":28},"end":{"line":5,"column":30}}],"line":5},"4":{"loc":{"start":{"line":6,"column":15},"end":{"line":6,"column":24}},"type":"default-arg","locations":[{"start":{"line":6,"column":22},"end":{"line":6,"column":24}}],"line":6},"5":{"loc":{"start":{"line":7,"column":10},"end":{"line":7,"column":20}},"type":"default-arg","locations":[{"start":{"line":7,"column":18},"end":{"line":7,"column":20}}],"line":7},"6":{"loc":{"start":{"line":18,"column":29},"end":{"line":18,"column":39}},"type":"default-arg","locations":[{"start":{"line":18,"column":37},"end":{"line":18,"column":39}}],"line":18},"7":{"loc":{"start":{"line":21,"column":23},"end":{"line":21,"column":37}},"type":"default-arg","locations":[{"start":{"line":21,"column":32},"end":{"line":21,"column":37}}],"line":21},"8":{"loc":{"start":{"line":22,"column":11},"end":{"line":22,"column":20}},"type":"default-arg","locations":[{"start":{"line":22,"column":18},"end":{"line":22,"column":20}}],"line":22},"9":{"loc":{"start":{"line":23,"column":17},"end":{"line":23,"column":30}},"type":"default-arg","locations":[{"start":{"line":23,"column":28},"end":{"line":23,"column":30}}],"line":23}},"s":{"0":5,"1":5,"2":1,"3":8,"4":9,"5":9},"f":{"0":5,"1":8,"2":9},"b":{"0":[1],"1":[4],"2":[4],"3":[4],"4":[4],"5":[4],"6":[1],"7":[1],"8":[1],"9":[1]},"_coverageSchema":"1a1c01bbd47fc00a2c39e90264f33305004495a9","hash":"e69ead92394dec5861eb3aefc8945d4d8d761ed9"}
,"C:\\Users\\amori\\Documents\\estudos\\estudos\\project-strap\\reactvite\\src\\Api\\map-section.js": {"path":"C:\\Users\\amori\\Documents\\estudos\\estudos\\project-strap\\reactvite\\src\\Api\\map-section.js","statementMap":{"0":{"start":{"line":1,"column":26},"end":{"line":22,"column":1}},"1":{"start":{"line":2,"column":2},"end":{"line":21,"column":5}},"2":{"start":{"line":11,"column":8},"end":{"line":11,"column":11}},"3":{"start":{"line":12,"column":4},"end":{"line":20,"column":6}},"4":{"start":{"line":25,"column":2},"end":{"line":25,"column":50}},"5":{"start":{"line":25,"column":31},"end":{"line":25,"column":48}},"6":{"start":{"line":36,"column":6},"end":{"line":36,"column":11}},"7":{"start":{"line":37,"column":2},"end":{"line":44,"column":4}},"8":{"start":{"line":48,"column":2},"end":{"line":54,"column":5}},"9":{"start":{"line":49,"column":45},"end":{"line":49,"column":46}},"10":{"start":{"line":50,"column":4},"end":{"line":53,"column":6}}},"fnMap":{"0":{"name":"(anonymous_0)","decl":{"start":{"line":1,"column":26},"end":{"line":1,"column":27}},"loc":{"start":{"line":1,"column":44},"end":{"line":22,"column":1}},"line":1},"1":{"name":"(anonymous_1)","decl":{"start":{"line":2,"column":19},"end":{"line":2,"column":20}},"loc":{"start":{"line":2,"column":28},"end":{"line":21,"column":3}},"line":2},"2":{"name":"mapGridImags","decl":{"start":{"line":24,"column":16},"end":{"line":24,"column":28}},"loc":{"start":{"line":24,"column":40},"end":{"line":26,"column":1}},"line":24},"3":{"name":"(anonymous_3)","decl":{"start":{"line":25,"column":18},"end":{"line":25,"column":19}},"loc":{"start":{"line":25,"column":31},"end":{"line":25,"column":48}},"line":25},"4":{"name":"mapImage","decl":{"start":{"line":28,"column":16},"end":{"line":28,"column":24}},"loc":{"start":{"line":28,"column":37},"end":{"line":45,"column":1}},"line":28},"5":{"name":"mapGrid","decl":{"start":{"line":47,"column":16},"end":{"line":47,"column":23}},"loc":{"start":{"line":47,"column":37},"end":{"line":55,"column":1}},"line":47},"6":{"name":"(anonymous_6)","decl":{"start":{"line":48,"column":18},"end":{"line":48,"column":19}},"loc":{"start":{"line":48,"column":25},"end":{"line":54,"column":3}},"line":48}},"branchMap":{"0":{"loc":{"start":{"line":1,"column":27},"end":{"line":1,"column":39}},"type":"default-arg","locations":[{"start":{"line":1,"column":35},"end":{"line":1,"column":39}}],"line":1},"1":{"loc":{"start":{"line":4,"column":6},"end":{"line":4,"column":16}},"type":"default-arg","locations":[{"start":{"line":4,"column":14},"end":{"line":4,"column":16}}],"line":4},"2":{"loc":{"start":{"line":5,"column":16},"end":{"line":5,"column":42}},"type":"default-arg","locations":[{"start":{"line":5,"column":40},"end":{"line":5,"column":42}}],"line":5},"3":{"loc":{"start":{"line":5,"column":18},"end":{"line":5,"column":35}},"type":"default-arg","locations":[{"start":{"line":5,"column":31},"end":{"line":5,"column":35}}],"line":5},"4":{"loc":{"start":{"line":6,"column":16},"end":{"line":6,"column":34}},"type":"default-arg","locations":[{"start":{"line":6,"column":32},"end":{"line":6,"column":34}}],"line":6},"5":{"loc":{"start":{"line":6,"column":18},"end":{"line":6,"column":27}},"type":"default-arg","locations":[{"start":{"line":6,"column":25},"end":{"line":6,"column":27}}],"line":6},"6":{"loc":{"start":{"line":7,"column":6},"end":{"line":7,"column":22}},"type":"default-arg","locations":[{"start":{"line":7,"column":20},"end":{"line":7,"column":22}}],"line":7},"7":{"loc":{"start":{"line":8,"column":6},"end":{"line":8,"column":16}},"type":"default-arg","locations":[{"start":{"line":8,"column":14},"end":{"line":8,"column":16}}],"line":8},"8":{"loc":{"start":{"line":9,"column":6},"end":{"line":9,"column":20}},"type":"default-arg","locations":[{"start":{"line":9,"column":18},"end":{"line":9,"column":20}}],"line":9},"9":{"loc":{"start":{"line":10,"column":6},"end":{"line":10,"column":21}},"type":"default-arg","locations":[{"start":{"line":10,"column":19},"end":{"line":10,"column":21}}],"line":10},"10":{"loc":{"start":{"line":24,"column":29},"end":{"line":24,"column":38}},"type":"default-arg","locations":[{"start":{"line":24,"column":36},"end":{"line":24,"column":38}}],"line":24},"11":{"loc":{"start":{"line":28,"column":25},"end":{"line":28,"column":35}},"type":"default-arg","locations":[{"start":{"line":28,"column":33},"end":{"line":28,"column":35}}],"line":28},"12":{"loc":{"start":{"line":30,"column":4},"end":{"line":30,"column":13}},"type":"default-arg","locations":[{"start":{"line":30,"column":11},"end":{"line":30,"column":13}}],"line":30},"13":{"loc":{"start":{"line":31,"column":4},"end":{"line":31,"column":24}},"type":"default-arg","locations":[{"start":{"line":31,"column":22},"end":{"line":31,"column":24}}],"line":31},"14":{"loc":{"start":{"line":32,"column":4},"end":{"line":32,"column":12}},"type":"default-arg","locations":[{"start":{"line":32,"column":11},"end":{"line":32,"column":12}}],"line":32},"15":{"loc":{"start":{"line":33,"column":4},"end":{"line":33,"column":12}},"type":"default-arg","locations":[{"start":{"line":33,"column":10},"end":{"line":33,"column":12}}],"line":33},"16":{"loc":{"start":{"line":34,"column":4},"end":{"line":34,"column":13}},"type":"default-arg","locations":[{"start":{"line":34,"column":12},"end":{"line":34,"column":13}}],"line":34},"17":{"loc":{"start":{"line":35,"column":4},"end":{"line":35,"column":14}},"type":"default-arg","locations":[{"start":{"line":35,"column":13},"end":{"line":35,"column":14}}],"line":35},"18":{"loc":{"start":{"line":47,"column":24},"end":{"line":47,"column":35}},"type":"default-arg","locations":[{"start":{"line":47,"column":31},"end":{"line":47,"column":35}}],"line":47},"19":{"loc":{"start":{"line":49,"column":12},"end":{"line":49,"column":22}},"type":"default-arg","locations":[{"start":{"line":49,"column":20},"end":{"line":49,"column":22}}],"line":49},"20":{"loc":{"start":{"line":49,"column":24},"end":{"line":49,"column":40}},"type":"default-arg","locations":[{"start":{"line":49,"column":38},"end":{"line":49,"column":40}}],"line":49}},"s":{"0":1,"1":5,"2":23,"3":23,"4":24,"5":18,"6":42,"7":42,"8":25,"9":20,"10":20},"f":{"0":5,"1":23,"2":24,"3":18,"4":42,"5":25,"6":20},"b":{"0":[1],"1":[2],"2":[2],"3":[2],"4":[2],"5":[2],"6":[8],"7":[17],"8":[14],"9":[14],"10":[1],"11":[1],"12":[36],"13":[36],"14":[36],"15":[36],"16":[36],"17":[36],"18":[2],"19":[2],"20":[2]},"_coverageSchema":"1a1c01bbd47fc00a2c39e90264f33305004495a9","hash":"83c0b7c2e72f752d6959410561f8d4f865223cfa"}
,"C:\\Users\\amori\\Documents\\estudos\\estudos\\project-strap\\reactvite\\src\\Api\\map-sectons.js": {"path":"C:\\Users\\amori\\Documents\\estudos\\estudos\\project-strap\\reactvite\\src\\Api\\map-sectons.js","statementMap":{"0":{"start":{"line":1,"column":27},"end":{"line":21,"column":1}},"1":{"start":{"line":2,"column":2},"end":{"line":20,"column":5}},"2":{"start":{"line":3,"column":4},"end":{"line":5,"column":5}},"3":{"start":{"line":4,"column":6},"end":{"line":4,"column":43}},"4":{"start":{"line":6,"column":4},"end":{"line":8,"column":5}},"5":{"start":{"line":7,"column":6},"end":{"line":7,"column":40}},"6":{"start":{"line":9,"column":4},"end":{"line":18,"column":5}},"7":{"start":{"line":10,"column":50},"end":{"line":10,"column":57}},"8":{"start":{"line":12,"column":6},"end":{"line":14,"column":7}},"9":{"start":{"line":13,"column":8},"end":{"line":13,"column":36}},"10":{"start":{"line":15,"column":6},"end":{"line":17,"column":7}},"11":{"start":{"line":16,"column":8},"end":{"line":16,"column":37}},"12":{"start":{"line":19,"column":4},"end":{"line":19,"column":19}},"13":{"start":{"line":23,"column":36},"end":{"line":39,"column":1}},"14":{"start":{"line":30,"column":6},"end":{"line":30,"column":13}},"15":{"start":{"line":31,"column":2},"end":{"line":38,"column":4}},"16":{"start":{"line":41,"column":33},"end":{"line":55,"column":1}},"17":{"start":{"line":47,"column":6},"end":{"line":47,"column":13}},"18":{"start":{"line":48,"column":2},"end":{"line":54,"column":4}},"19":{"start":{"line":57,"column":27},"end":{"line":78,"column":1}},"20":{"start":{"line":63,"column":6},"end":{"line":63,"column":13}},"21":{"start":{"line":64,"column":2},"end":{"line":77,"column":4}},"22":{"start":{"line":71,"column":47},"end":{"line":71,"column":51}},"23":{"start":{"line":72,"column":6},"end":{"line":75,"column":8}},"24":{"start":{"line":80,"column":28},"end":{"line":104,"column":1}},"25":{"start":{"line":86,"column":6},"end":{"line":86,"column":13}},"26":{"start":{"line":87,"column":2},"end":{"line":103,"column":4}},"27":{"start":{"line":96,"column":10},"end":{"line":96,"column":13}},"28":{"start":{"line":98,"column":6},"end":{"line":101,"column":8}}},"fnMap":{"0":{"name":"(anonymous_0)","decl":{"start":{"line":1,"column":27},"end":{"line":1,"column":28}},"loc":{"start":{"line":1,"column":46},"end":{"line":21,"column":1}},"line":1},"1":{"name":"(anonymous_1)","decl":{"start":{"line":2,"column":22},"end":{"line":2,"column":23}},"loc":{"start":{"line":2,"column":35},"end":{"line":20,"column":3}},"line":2},"2":{"name":"(anonymous_2)","decl":{"start":{"line":23,"column":36},"end":{"line":23,"column":37}},"loc":{"start":{"line":23,"column":54},"end":{"line":39,"column":1}},"line":23},"3":{"name":"(anonymous_3)","decl":{"start":{"line":41,"column":33},"end":{"line":41,"column":34}},"loc":{"start":{"line":41,"column":51},"end":{"line":55,"column":1}},"line":41},"4":{"name":"(anonymous_4)","decl":{"start":{"line":57,"column":27},"end":{"line":57,"column":28}},"loc":{"start":{"line":57,"column":45},"end":{"line":78,"column":1}},"line":57},"5":{"name":"(anonymous_5)","decl":{"start":{"line":70,"column":19},"end":{"line":70,"column":20}},"loc":{"start":{"line":70,"column":29},"end":{"line":76,"column":5}},"line":70},"6":{"name":"(anonymous_6)","decl":{"start":{"line":80,"column":28},"end":{"line":80,"column":29}},"loc":{"start":{"line":80,"column":41},"end":{"line":104,"column":1}},"line":80},"7":{"name":"(anonymous_7)","decl":{"start":{"line":93,"column":19},"end":{"line":93,"column":20}},"loc":{"start":{"line":93,"column":28},"end":{"line":102,"column":5}},"line":93}},"branchMap":{"0":{"loc":{"start":{"line":1,"column":28},"end":{"line":1,"column":41}},"type":"default-arg","locations":[{"start":{"line":1,"column":39},"end":{"line":1,"column":41}}],"line":1},"1":{"loc":{"start":{"line":3,"column":4},"end":{"line":5,"column":5}},"type":"if","locations":[{"start":{"line":3,"column":4},"end":{"line":5,"column":5}},{"start":{},"end":{}}],"line":3},"2":{"loc":{"start":{"line":6,"column":4},"end":{"line":8,"column":5}},"type":"if","locations":[{"start":{"line":6,"column":4},"end":{"line":8,"column":5}},{"start":{},"end":{}}],"line":6},"3":{"loc":{"start":{"line":9,"column":4},"end":{"line":18,"column":5}},"type":"if","locations":[{"start":{"line":9,"column":4},"end":{"line":18,"column":5}},{"start":{},"end":{}}],"line":9},"4":{"loc":{"start":{"line":10,"column":14},"end":{"line":10,"column":28}},"type":"default-arg","locations":[{"start":{"line":10,"column":26},"end":{"line":10,"column":28}}],"line":10},"5":{"loc":{"start":{"line":10,"column":30},"end":{"line":10,"column":45}},"type":"default-arg","locations":[{"start":{"line":10,"column":43},"end":{"line":10,"column":45}}],"line":10},"6":{"loc":{"start":{"line":12,"column":6},"end":{"line":14,"column":7}},"type":"if","locations":[{"start":{"line":12,"column":6},"end":{"line":14,"column":7}},{"start":{},"end":{}}],"line":12},"7":{"loc":{"start":{"line":15,"column":6},"end":{"line":17,"column":7}},"type":"if","locations":[{"start":{"line":15,"column":6},"end":{"line":17,"column":7}},{"start":{},"end":{}}],"line":15},"8":{"loc":{"start":{"line":23,"column":37},"end":{"line":23,"column":49}},"type":"default-arg","locations":[{"start":{"line":23,"column":47},"end":{"line":23,"column":49}}],"line":23},"9":{"loc":{"start":{"line":25,"column":17},"end":{"line":25,"column":31}},"type":"default-arg","locations":[{"start":{"line":25,"column":29},"end":{"line":25,"column":31}}],"line":25},"10":{"loc":{"start":{"line":26,"column":4},"end":{"line":26,"column":14}},"type":"default-arg","locations":[{"start":{"line":26,"column":12},"end":{"line":26,"column":14}}],"line":26},"11":{"loc":{"start":{"line":27,"column":17},"end":{"line":27,"column":26}},"type":"default-arg","locations":[{"start":{"line":27,"column":24},"end":{"line":27,"column":26}}],"line":27},"12":{"loc":{"start":{"line":28,"column":14},"end":{"line":28,"column":72}},"type":"default-arg","locations":[{"start":{"line":28,"column":67},"end":{"line":28,"column":72}}],"line":28},"13":{"loc":{"start":{"line":28,"column":16},"end":{"line":28,"column":34}},"type":"default-arg","locations":[{"start":{"line":28,"column":29},"end":{"line":28,"column":34}}],"line":28},"14":{"loc":{"start":{"line":28,"column":48},"end":{"line":28,"column":62}},"type":"default-arg","locations":[{"start":{"line":28,"column":60},"end":{"line":28,"column":62}}],"line":28},"15":{"loc":{"start":{"line":29,"column":11},"end":{"line":29,"column":36}},"type":"default-arg","locations":[{"start":{"line":29,"column":34},"end":{"line":29,"column":36}}],"line":29},"16":{"loc":{"start":{"line":29,"column":18},"end":{"line":29,"column":29}},"type":"default-arg","locations":[{"start":{"line":29,"column":27},"end":{"line":29,"column":29}}],"line":29},"17":{"loc":{"start":{"line":41,"column":34},"end":{"line":41,"column":46}},"type":"default-arg","locations":[{"start":{"line":41,"column":44},"end":{"line":41,"column":46}}],"line":41},"18":{"loc":{"start":{"line":43,"column":17},"end":{"line":43,"column":31}},"type":"default-arg","locations":[{"start":{"line":43,"column":29},"end":{"line":43,"column":31}}],"line":43},"19":{"loc":{"start":{"line":44,"column":4},"end":{"line":44,"column":14}},"type":"default-arg","locations":[{"start":{"line":44,"column":12},"end":{"line":44,"column":14}}],"line":44},"20":{"loc":{"start":{"line":45,"column":13},"end":{"line":45,"column":22}},"type":"default-arg","locations":[{"start":{"line":45,"column":20},"end":{"line":45,"column":22}}],"line":45},"21":{"loc":{"start":{"line":46,"column":14},"end":{"line":46,"column":72}},"type":"default-arg","locations":[{"start":{"line":46,"column":67},"end":{"line":46,"column":72}}],"line":46},"22":{"loc":{"start":{"line":46,"column":16},"end":{"line":46,"column":34}},"type":"default-arg","locations":[{"start":{"line":46,"column":29},"end":{"line":46,"column":34}}],"line":46},"23":{"loc":{"start":{"line":46,"column":48},"end":{"line":46,"column":62}},"type":"default-arg","locations":[{"start":{"line":46,"column":60},"end":{"line":46,"column":62}}],"line":46},"24":{"loc":{"start":{"line":57,"column":28},"end":{"line":57,"column":40}},"type":"default-arg","locations":[{"start":{"line":57,"column":38},"end":{"line":57,"column":40}}],"line":57},"25":{"loc":{"start":{"line":59,"column":4},"end":{"line":59,"column":14}},"type":"default-arg","locations":[{"start":{"line":59,"column":12},"end":{"line":59,"column":14}}],"line":59},"26":{"loc":{"start":{"line":60,"column":4},"end":{"line":60,"column":20}},"type":"default-arg","locations":[{"start":{"line":60,"column":18},"end":{"line":60,"column":20}}],"line":60},"27":{"loc":{"start":{"line":61,"column":14},"end":{"line":61,"column":72}},"type":"default-arg","locations":[{"start":{"line":61,"column":67},"end":{"line":61,"column":72}}],"line":61},"28":{"loc":{"start":{"line":61,"column":16},"end":{"line":61,"column":34}},"type":"default-arg","locations":[{"start":{"line":61,"column":29},"end":{"line":61,"column":34}}],"line":61},"29":{"loc":{"start":{"line":61,"column":48},"end":{"line":61,"column":62}},"type":"default-arg","locations":[{"start":{"line":61,"column":60},"end":{"line":61,"column":62}}],"line":61},"30":{"loc":{"start":{"line":62,"column":15},"end":{"line":62,"column":24}},"type":"default-arg","locations":[{"start":{"line":62,"column":22},"end":{"line":62,"column":24}}],"line":62},"31":{"loc":{"start":{"line":71,"column":14},"end":{"line":71,"column":24}},"type":"default-arg","locations":[{"start":{"line":71,"column":22},"end":{"line":71,"column":24}}],"line":71},"32":{"loc":{"start":{"line":71,"column":26},"end":{"line":71,"column":42}},"type":"default-arg","locations":[{"start":{"line":71,"column":40},"end":{"line":71,"column":42}}],"line":71},"33":{"loc":{"start":{"line":82,"column":4},"end":{"line":82,"column":14}},"type":"default-arg","locations":[{"start":{"line":82,"column":12},"end":{"line":82,"column":14}}],"line":82},"34":{"loc":{"start":{"line":83,"column":4},"end":{"line":83,"column":20}},"type":"default-arg","locations":[{"start":{"line":83,"column":18},"end":{"line":83,"column":20}}],"line":83},"35":{"loc":{"start":{"line":84,"column":14},"end":{"line":84,"column":72}},"type":"default-arg","locations":[{"start":{"line":84,"column":67},"end":{"line":84,"column":72}}],"line":84},"36":{"loc":{"start":{"line":84,"column":16},"end":{"line":84,"column":34}},"type":"default-arg","locations":[{"start":{"line":84,"column":29},"end":{"line":84,"column":34}}],"line":84},"37":{"loc":{"start":{"line":84,"column":48},"end":{"line":84,"column":62}},"type":"default-arg","locations":[{"start":{"line":84,"column":60},"end":{"line":84,"column":62}}],"line":84},"38":{"loc":{"start":{"line":85,"column":16},"end":{"line":85,"column":25}},"type":"default-arg","locations":[{"start":{"line":85,"column":23},"end":{"line":85,"column":25}}],"line":85},"39":{"loc":{"start":{"line":95,"column":15},"end":{"line":95,"column":71}},"type":"default-arg","locations":[{"start":{"line":95,"column":69},"end":{"line":95,"column":71}}],"line":95},"40":{"loc":{"start":{"line":95,"column":22},"end":{"line":95,"column":33}},"type":"default-arg","locations":[{"start":{"line":95,"column":31},"end":{"line":95,"column":33}}],"line":95},"41":{"loc":{"start":{"line":95,"column":52},"end":{"line":95,"column":64}},"type":"default-arg","locations":[{"start":{"line":95,"column":62},"end":{"line":95,"column":64}}],"line":95}},"s":{"0":1,"1":4,"2":7,"3":2,"4":5,"5":2,"6":3,"7":3,"8":3,"9":2,"10":1,"11":1,"12":0,"13":1,"14":4,"15":4,"16":1,"17":4,"18":4,"19":1,"20":4,"21":4,"22":9,"23":9,"24":1,"25":3,"26":3,"27":12,"28":12},"f":{"0":4,"1":7,"2":4,"3":4,"4":4,"5":9,"6":3,"7":12},"b":{"0":[1],"1":[2,5],"2":[2,3],"3":[3,0],"4":[0],"5":[0],"6":[2,1],"7":[1,0],"8":[0],"9":[1],"10":[1],"11":[1],"12":[1],"13":[1],"14":[1],"15":[1],"16":[1],"17":[0],"18":[1],"19":[1],"20":[1],"21":[1],"22":[1],"23":[1],"24":[0],"25":[1],"26":[1],"27":[1],"28":[1],"29":[1],"30":[1],"31":[0],"32":[0],"33":[1],"34":[1],"35":[1],"36":[1],"37":[1],"38":[1],"39":[0],"40":[0],"41":[0]},"_coverageSchema":"1a1c01bbd47fc00a2c39e90264f33305004495a9","hash":"f9ab2da4f4716ebc8814b96ad7915db5572a6cb4"}
,"C:\\Users\\amori\\Documents\\estudos\\estudos\\project-strap\\reactvite\\src\\Components\\BtnDarkMode\\index.jsx": {"path":"C:\\Users\\amori\\Documents\\estudos\\estudos\\project-strap\\reactvite\\src\\Components\\BtnDarkMode\\index.jsx","statementMap":{"0":{"start":{"line":7,"column":27},"end":{"line":22,"column":1}},"1":{"start":{"line":8,"column":34},"end":{"line":8,"column":49}},"2":{"start":{"line":9,"column":2},"end":{"line":21,"column":4}},"3":{"start":{"line":12,"column":21},"end":{"line":12,"column":43}},"4":{"start":{"line":12,"column":40},"end":{"line":12,"column":42}}},"fnMap":{"0":{"name":"(anonymous_0)","decl":{"start":{"line":7,"column":27},"end":{"line":7,"column":28}},"loc":{"start":{"line":7,"column":33},"end":{"line":22,"column":1}},"line":7},"1":{"name":"(anonymous_1)","decl":{"start":{"line":12,"column":15},"end":{"line":12,"column":16}},"loc":{"start":{"line":12,"column":21},"end":{"line":12,"column":43}},"line":12},"2":{"name":"(anonymous_2)","decl":{"start":{"line":12,"column":33},"end":{"line":12,"column":34}},"loc":{"start":{"line":12,"column":40},"end":{"line":12,"column":42}},"line":12}},"branchMap":{"0":{"loc":{"start":{"line":15,"column":7},"end":{"line":19,"column":7}},"type":"cond-expr","locations":[{"start":{"line":16,"column":8},"end":{"line":16,"column":40}},{"start":{"line":18,"column":8},"end":{"line":18,"column":40}}],"line":15}},"s":{"0":1,"1":4,"2":4,"3":1,"4":1},"f":{"0":4,"1":1,"2":1},"b":{"0":[1,3]},"_coverageSchema":"1a1c01bbd47fc00a2c39e90264f33305004495a9","hash":"a6dc0c11ac331770b68e1ee32453cbedb7b73b7f"}
,"C:\\Users\\amori\\Documents\\estudos\\estudos\\project-strap\\reactvite\\src\\Components\\Footer\\index.jsx": {"path":"C:\\Users\\amori\\Documents\\estudos\\estudos\\project-strap\\reactvite\\src\\Components\\Footer\\index.jsx","statementMap":{"0":{"start":{"line":8,"column":21},"end":{"line":13,"column":1}},"1":{"start":{"line":9,"column":30},"end":{"line":12,"column":3}},"2":{"start":{"line":15,"column":22},"end":{"line":25,"column":1}},"3":{"start":{"line":16,"column":2},"end":{"line":24,"column":4}},"4":{"start":{"line":27,"column":0},"end":{"line":29,"column":2}}},"fnMap":{"0":{"name":"(anonymous_0)","decl":{"start":{"line":9,"column":4},"end":{"line":9,"column":5}},"loc":{"start":{"line":9,"column":30},"end":{"line":12,"column":3}},"line":9},"1":{"name":"(anonymous_1)","decl":{"start":{"line":15,"column":22},"end":{"line":15,"column":23}},"loc":{"start":{"line":15,"column":36},"end":{"line":25,"column":1}},"line":15}},"branchMap":{},"s":{"0":1,"1":1,"2":1,"3":1,"4":1},"f":{"0":1,"1":1},"b":{},"_coverageSchema":"1a1c01bbd47fc00a2c39e90264f33305004495a9","hash":"746e3ffdba09e6f58c08bf9c74e9411b4399b852"}
,"C:\\Users\\amori\\Documents\\estudos\\estudos\\project-strap\\reactvite\\src\\Components\\GoTop\\index.jsx": {"path":"C:\\Users\\amori\\Documents\\estudos\\estudos\\project-strap\\reactvite\\src\\Components\\GoTop\\index.jsx","statementMap":{"0":{"start":{"line":5,"column":21},"end":{"line":11,"column":1}},"1":{"start":{"line":6,"column":2},"end":{"line":10,"column":4}}},"fnMap":{"0":{"name":"(anonymous_0)","decl":{"start":{"line":5,"column":21},"end":{"line":5,"column":22}},"loc":{"start":{"line":5,"column":27},"end":{"line":11,"column":1}},"line":5}},"branchMap":{},"s":{"0":1,"1":1},"f":{"0":1},"b":{},"_coverageSchema":"1a1c01bbd47fc00a2c39e90264f33305004495a9","hash":"81b0cddc7b30286d0b1b85ed3dab15c414400507"}
,"C:\\Users\\amori\\Documents\\estudos\\estudos\\project-strap\\reactvite\\src\\Components\\GridContent\\index.jsx": {"path":"C:\\Users\\amori\\Documents\\estudos\\estudos\\project-strap\\reactvite\\src\\Components\\GridContent\\index.jsx","statementMap":{"0":{"start":{"line":7,"column":27},"end":{"line":20,"column":1}},"1":{"start":{"line":8,"column":2},"end":{"line":19,"column":4}},"2":{"start":{"line":22,"column":0},"end":{"line":26,"column":2}}},"fnMap":{"0":{"name":"(anonymous_0)","decl":{"start":{"line":7,"column":27},"end":{"line":7,"column":28}},"loc":{"start":{"line":7,"column":60},"end":{"line":20,"column":1}},"line":7}},"branchMap":{},"s":{"0":1,"1":1,"2":1},"f":{"0":1},"b":{},"_coverageSchema":"1a1c01bbd47fc00a2c39e90264f33305004495a9","hash":"e690b752af2e9b1e65f0f7855d85d2880f31f36e"}
,"C:\\Users\\amori\\Documents\\estudos\\estudos\\project-strap\\reactvite\\src\\Components\\GridImage\\index.jsx": {"path":"C:\\Users\\amori\\Documents\\estudos\\estudos\\project-strap\\reactvite\\src\\Components\\GridImage\\index.jsx","statementMap":{"0":{"start":{"line":7,"column":25},"end":{"line":25,"column":1}},"1":{"start":{"line":8,"column":2},"end":{"line":24,"column":4}},"2":{"start":{"line":17,"column":12},"end":{"line":19,"column":33}},"3":{"start":{"line":27,"column":0},"end":{"line":38,"column":2}}},"fnMap":{"0":{"name":"(anonymous_0)","decl":{"start":{"line":7,"column":25},"end":{"line":7,"column":26}},"loc":{"start":{"line":7,"column":71},"end":{"line":25,"column":1}},"line":7},"1":{"name":"(anonymous_1)","decl":{"start":{"line":16,"column":20},"end":{"line":16,"column":21}},"loc":{"start":{"line":17,"column":12},"end":{"line":19,"column":33}},"line":17}},"branchMap":{},"s":{"0":1,"1":1,"2":10,"3":1},"f":{"0":1,"1":10},"b":{},"_coverageSchema":"1a1c01bbd47fc00a2c39e90264f33305004495a9","hash":"3dadffd4219baf3bc68ce5d5388660106468c6e8"}
,"C:\\Users\\amori\\Documents\\estudos\\estudos\\project-strap\\reactvite\\src\\Components\\GridSection\\index.jsx": {"path":"C:\\Users\\amori\\Documents\\estudos\\estudos\\project-strap\\reactvite\\src\\Components\\GridSection\\index.jsx","statementMap":{"0":{"start":{"line":7,"column":27},"end":{"line":35,"column":1}},"1":{"start":{"line":13,"column":2},"end":{"line":34,"column":4}},"2":{"start":{"line":22,"column":12},"end":{"line":29,"column":33}},"3":{"start":{"line":37,"column":0},"end":{"line":47,"column":2}}},"fnMap":{"0":{"name":"(anonymous_0)","decl":{"start":{"line":7,"column":27},"end":{"line":7,"column":28}},"loc":{"start":{"line":12,"column":6},"end":{"line":35,"column":1}},"line":12},"1":{"name":"(anonymous_1)","decl":{"start":{"line":21,"column":20},"end":{"line":21,"column":21}},"loc":{"start":{"line":22,"column":12},"end":{"line":29,"column":33}},"line":22}},"branchMap":{"0":{"loc":{"start":{"line":9,"column":2},"end":{"line":9,"column":20}},"type":"default-arg","locations":[{"start":{"line":9,"column":15},"end":{"line":9,"column":20}}],"line":9}},"s":{"0":1,"1":2,"2":6,"3":1},"f":{"0":2,"1":6},"b":{"0":[1]},"_coverageSchema":"1a1c01bbd47fc00a2c39e90264f33305004495a9","hash":"3b3a00935bedd75fee9f9dc25db1a9f0e9558fb3"}
,"C:\\Users\\amori\\Documents\\estudos\\estudos\\project-strap\\reactvite\\src\\Components\\GridTwoColumn\\index.jsx": {"path":"C:\\Users\\amori\\Documents\\estudos\\estudos\\project-strap\\reactvite\\src\\Components\\GridTwoColumn\\index.jsx","statementMap":{"0":{"start":{"line":7,"column":29},"end":{"line":23,"column":1}},"1":{"start":{"line":8,"column":2},"end":{"line":22,"column":4}},"2":{"start":{"line":25,"column":0},"end":{"line":30,"column":2}}},"fnMap":{"0":{"name":"(anonymous_0)","decl":{"start":{"line":7,"column":29},"end":{"line":7,"column":30}},"loc":{"start":{"line":7,"column":78},"end":{"line":23,"column":1}},"line":7}},"branchMap":{"0":{"loc":{"start":{"line":7,"column":53},"end":{"line":7,"column":71}},"type":"default-arg","locations":[{"start":{"line":7,"column":66},"end":{"line":7,"column":71}}],"line":7}},"s":{"0":1,"1":2,"2":1},"f":{"0":2},"b":{"0":[1]},"_coverageSchema":"1a1c01bbd47fc00a2c39e90264f33305004495a9","hash":"7fc80403631506bb94dd6536cb04d4f4fd1dabb8"}
,"C:\\Users\\amori\\Documents\\estudos\\estudos\\project-strap\\reactvite\\src\\Components\\Heading\\index.jsx": {"path":"C:\\Users\\amori\\Documents\\estudos\\estudos\\project-strap\\reactvite\\src\\Components\\Heading\\index.jsx","statementMap":{"0":{"start":{"line":4,"column":23},"end":{"line":21,"column":1}},"1":{"start":{"line":11,"column":2},"end":{"line":20,"column":4}},"2":{"start":{"line":23,"column":0},"end":{"line":29,"column":2}}},"fnMap":{"0":{"name":"(anonymous_0)","decl":{"start":{"line":4,"column":23},"end":{"line":4,"column":24}},"loc":{"start":{"line":10,"column":6},"end":{"line":21,"column":1}},"line":10}},"branchMap":{"0":{"loc":{"start":{"line":6,"column":2},"end":{"line":6,"column":18}},"type":"default-arg","locations":[{"start":{"line":6,"column":14},"end":{"line":6,"column":18}}],"line":6},"1":{"loc":{"start":{"line":7,"column":2},"end":{"line":7,"column":11}},"type":"default-arg","locations":[{"start":{"line":7,"column":7},"end":{"line":7,"column":11}}],"line":7},"2":{"loc":{"start":{"line":8,"column":2},"end":{"line":8,"column":14}},"type":"default-arg","locations":[{"start":{"line":8,"column":9},"end":{"line":8,"column":14}}],"line":8},"3":{"loc":{"start":{"line":9,"column":2},"end":{"line":9,"column":19}},"type":"default-arg","locations":[{"start":{"line":9,"column":14},"end":{"line":9,"column":19}}],"line":9}},"s":{"0":7,"1":41,"2":7},"f":{"0":41},"b":{"0":[29],"1":[23],"2":[14],"3":[13]},"_coverageSchema":"1a1c01bbd47fc00a2c39e90264f33305004495a9","hash":"5fce56f1268c07116dd66d7d021ff5cfb90d9bc6"}
,"C:\\Users\\amori\\Documents\\estudos\\estudos\\project-strap\\reactvite\\src\\Components\\LogoLink\\index.jsx": {"path":"C:\\Users\\amori\\Documents\\estudos\\estudos\\project-strap\\reactvite\\src\\Components\\LogoLink\\index.jsx","statementMap":{"0":{"start":{"line":5,"column":24},"end":{"line":13,"column":1}},"1":{"start":{"line":6,"column":2},"end":{"line":12,"column":4}},"2":{"start":{"line":15,"column":0},"end":{"line":19,"column":2}}},"fnMap":{"0":{"name":"(anonymous_0)","decl":{"start":{"line":5,"column":24},"end":{"line":5,"column":25}},"loc":{"start":{"line":5,"column":52},"end":{"line":13,"column":1}},"line":5}},"branchMap":{"0":{"loc":{"start":{"line":9,"column":9},"end":{"line":9,"column":56}},"type":"cond-expr","locations":[{"start":{"line":9,"column":18},"end":{"line":9,"column":49}},{"start":{"line":9,"column":52},"end":{"line":9,"column":56}}],"line":9}},"s":{"0":2,"1":15,"2":2},"f":{"0":15},"b":{"0":[3,12]},"_coverageSchema":"1a1c01bbd47fc00a2c39e90264f33305004495a9","hash":"1b78d500731f8292af5c2025897154113c703677"}
,"C:\\Users\\amori\\Documents\\estudos\\estudos\\project-strap\\reactvite\\src\\Components\\Menu\\index.jsx": {"path":"C:\\Users\\amori\\Documents\\estudos\\estudos\\project-strap\\reactvite\\src\\Components\\Menu\\index.jsx","statementMap":{"0":{"start":{"line":11,"column":20},"end":{"line":35,"column":1}},"1":{"start":{"line":12,"column":32},"end":{"line":12,"column":47}},"2":{"start":{"line":13,"column":2},"end":{"line":34,"column":4}},"3":{"start":{"line":16,"column":23},"end":{"line":16,"column":43}},"4":{"start":{"line":27,"column":47},"end":{"line":27,"column":67}},"5":{"start":{"line":37,"column":0},"end":{"line":40,"column":2}}},"fnMap":{"0":{"name":"(anonymous_0)","decl":{"start":{"line":11,"column":20},"end":{"line":11,"column":21}},"loc":{"start":{"line":11,"column":50},"end":{"line":35,"column":1}},"line":11},"1":{"name":"(anonymous_1)","decl":{"start":{"line":16,"column":17},"end":{"line":16,"column":18}},"loc":{"start":{"line":16,"column":23},"end":{"line":16,"column":43}},"line":16},"2":{"name":"(anonymous_2)","decl":{"start":{"line":27,"column":41},"end":{"line":27,"column":42}},"loc":{"start":{"line":27,"column":47},"end":{"line":27,"column":67}},"line":27}},"branchMap":{"0":{"loc":{"start":{"line":11,"column":23},"end":{"line":11,"column":33}},"type":"default-arg","locations":[{"start":{"line":11,"column":31},"end":{"line":11,"column":33}}],"line":11},"1":{"loc":{"start":{"line":19,"column":9},"end":{"line":23,"column":9}},"type":"cond-expr","locations":[{"start":{"line":20,"column":10},"end":{"line":20,"column":43}},{"start":{"line":22,"column":10},"end":{"line":22,"column":44}}],"line":19}},"s":{"0":1,"1":9,"2":9,"3":1,"4":2,"5":1},"f":{"0":9,"1":1,"2":2},"b":{"0":[4],"1":[2,7]},"_coverageSchema":"1a1c01bbd47fc00a2c39e90264f33305004495a9","hash":"dd8b444bb1e39f62d26328b7776d9e7cd6687135"}
,"C:\\Users\\amori\\Documents\\estudos\\estudos\\project-strap\\reactvite\\src\\Components\\MenuLink\\index.jsx": {"path":"C:\\Users\\amori\\Documents\\estudos\\estudos\\project-strap\\reactvite\\src\\Components\\MenuLink\\index.jsx","statementMap":{"0":{"start":{"line":5,"column":24},"end":{"line":15,"column":1}},"1":{"start":{"line":10,"column":2},"end":{"line":14,"column":4}},"2":{"start":{"line":17,"column":0},"end":{"line":21,"column":2}}},"fnMap":{"0":{"name":"(anonymous_0)","decl":{"start":{"line":5,"column":24},"end":{"line":5,"column":25}},"loc":{"start":{"line":9,"column":6},"end":{"line":15,"column":1}},"line":9}},"branchMap":{"0":{"loc":{"start":{"line":7,"column":2},"end":{"line":7,"column":34}},"type":"default-arg","locations":[{"start":{"line":7,"column":9},"end":{"line":7,"column":34}}],"line":7},"1":{"loc":{"start":{"line":8,"column":2},"end":{"line":8,"column":19}},"type":"default-arg","locations":[{"start":{"line":8,"column":11},"end":{"line":8,"column":19}}],"line":8}},"s":{"0":3,"1":91,"2":3},"f":{"0":91},"b":{"0":[9],"1":[9]},"_coverageSchema":"1a1c01bbd47fc00a2c39e90264f33305004495a9","hash":"022fdd1be5736e8a7def9c37b4439d3c8c85667a"}
,"C:\\Users\\amori\\Documents\\estudos\\estudos\\project-strap\\reactvite\\src\\Components\\NavBar\\index.jsx": {"path":"C:\\Users\\amori\\Documents\\estudos\\estudos\\project-strap\\reactvite\\src\\Components\\NavBar\\index.jsx","statementMap":{"0":{"start":{"line":5,"column":22},"end":{"line":13,"column":1}},"1":{"start":{"line":6,"column":2},"end":{"line":12,"column":4}},"2":{"start":{"line":9,"column":8},"end":{"line":9,"column":50}},"3":{"start":{"line":15,"column":0},"end":{"line":23,"column":2}}},"fnMap":{"0":{"name":"(anonymous_0)","decl":{"start":{"line":5,"column":22},"end":{"line":5,"column":23}},"loc":{"start":{"line":5,"column":42},"end":{"line":13,"column":1}},"line":5},"1":{"name":"(anonymous_1)","decl":{"start":{"line":8,"column":17},"end":{"line":8,"column":18}},"loc":{"start":{"line":8,"column":34},"end":{"line":10,"column":7}},"line":8}},"branchMap":{"0":{"loc":{"start":{"line":5,"column":25},"end":{"line":5,"column":35}},"type":"default-arg","locations":[{"start":{"line":5,"column":33},"end":{"line":5,"column":35}}],"line":5}},"s":{"0":2,"1":14,"2":81,"3":2},"f":{"0":14,"1":81},"b":{"0":[1]},"_coverageSchema":"1a1c01bbd47fc00a2c39e90264f33305004495a9","hash":"2894c15f5e374f64043c32225d86ada1d86c2a53"}
,"C:\\Users\\amori\\Documents\\estudos\\estudos\\project-strap\\reactvite\\src\\Components\\SectionBackground\\index.jsx": {"path":"C:\\Users\\amori\\Documents\\estudos\\estudos\\project-strap\\reactvite\\src\\Components\\SectionBackground\\index.jsx","statementMap":{"0":{"start":{"line":4,"column":33},"end":{"line":8,"column":1}},"1":{"start":{"line":5,"column":2},"end":{"line":7,"column":4}},"2":{"start":{"line":10,"column":0},"end":{"line":13,"column":2}}},"fnMap":{"0":{"name":"(anonymous_0)","decl":{"start":{"line":4,"column":33},"end":{"line":4,"column":34}},"loc":{"start":{"line":4,"column":71},"end":{"line":8,"column":1}},"line":4}},"branchMap":{"0":{"loc":{"start":{"line":4,"column":46},"end":{"line":4,"column":64}},"type":"default-arg","locations":[{"start":{"line":4,"column":59},"end":{"line":4,"column":64}}],"line":4}},"s":{"0":5,"1":10,"2":5},"f":{"0":10},"b":{"0":[3]},"_coverageSchema":"1a1c01bbd47fc00a2c39e90264f33305004495a9","hash":"cfee9c571a35d9fbe631cb74c117312b6e2c8c9f"}
,"C:\\Users\\amori\\Documents\\estudos\\estudos\\project-strap\\reactvite\\src\\Components\\SectionContainer\\index.jsx": {"path":"C:\\Users\\amori\\Documents\\estudos\\estudos\\project-strap\\reactvite\\src\\Components\\SectionContainer\\index.jsx","statementMap":{"0":{"start":{"line":4,"column":32},"end":{"line":6,"column":1}},"1":{"start":{"line":5,"column":2},"end":{"line":5,"column":57}},"2":{"start":{"line":8,"column":0},"end":{"line":10,"column":2}}},"fnMap":{"0":{"name":"(anonymous_0)","decl":{"start":{"line":4,"column":32},"end":{"line":4,"column":33}},"loc":{"start":{"line":4,"column":50},"end":{"line":6,"column":1}},"line":4}},"branchMap":{},"s":{"0":3,"1":11,"2":3},"f":{"0":11},"b":{},"_coverageSchema":"1a1c01bbd47fc00a2c39e90264f33305004495a9","hash":"e6bb39ce121fd49d3c3901a379ecf9ea856a4c09"}
,"C:\\Users\\amori\\Documents\\estudos\\estudos\\project-strap\\reactvite\\src\\Components\\TextComponent\\index.jsx": {"path":"C:\\Users\\amori\\Documents\\estudos\\estudos\\project-strap\\reactvite\\src\\Components\\TextComponent\\index.jsx","statementMap":{"0":{"start":{"line":4,"column":29},"end":{"line":11,"column":1}},"1":{"start":{"line":5,"column":2},"end":{"line":10,"column":4}},"2":{"start":{"line":13,"column":0},"end":{"line":16,"column":2}}},"fnMap":{"0":{"name":"(anonymous_0)","decl":{"start":{"line":4,"column":29},"end":{"line":4,"column":30}},"loc":{"start":{"line":4,"column":58},"end":{"line":11,"column":1}},"line":4}},"branchMap":{},"s":{"0":6,"1":15,"2":6},"f":{"0":15},"b":{},"_coverageSchema":"1a1c01bbd47fc00a2c39e90264f33305004495a9","hash":"665af85b50fa6ba822ada62bdd38eeea34406491"}
}
