TN:
SF:src\main.jsx
FNF:0
FNH:0
DA:6,0
LF:1
LH:0
BRF:0
BRH:0
end_of_record
TN:
SF:src\Components\Heading\index.jsx
FN:4,(anonymous_0)
FNF:1
FNH:1
FNDA:14,(anonymous_0)
DA:4,2
DA:11,14
DA:23,2
LF:3
LH:3
BRDA:6,0,0,11
BRDA:7,1,0,8
BRDA:8,2,0,11
BRDA:9,3,0,13
BRF:4
BRH:4
end_of_record
TN:
SF:src\Components\Heading\styles.js
FN:14,(anonymous_0)
FN:17,(anonymous_1)
FN:20,(anonymous_2)
FN:26,(anonymous_3)
FN:31,(anonymous_4)
FNF:5
FNH:5
FNDA:1,(anonymous_0)
FNDA:1,(anonymous_1)
FNDA:12,(anonymous_2)
FNDA:12,(anonymous_3)
FNDA:14,(anonymous_4)
DA:13,2
DA:14,1
DA:17,1
DA:20,12
DA:26,12
DA:30,2
DA:31,14
LF:7
LH:7
BRDA:32,0,0,12
BRDA:32,0,1,2
BRDA:34,1,0,1
BRDA:34,1,1,13
BRF:4
BRH:4
end_of_record
TN:
SF:src\templates\App\index.jsx
FN:4,(anonymous_0)
FNF:1
FNH:1
FNDA:1,(anonymous_0)
DA:4,1
DA:5,1
LF:2
LH:2
BRF:0
BRH:0
end_of_record
TN:
SF:src\templates\App\styles.js
FN:4,(anonymous_0)
FNF:1
FNH:1
FNDA:1,(anonymous_0)
DA:3,1
DA:4,1
LF:2
LH:2
BRDA:5,0,0,1
BRDA:5,0,1,0
BRF:2
BRH:1
end_of_record
