TN:
SF:src\Components\Heading\index.jsx
FN:4,(anonymous_0)
FNF:1
FNH:1
FNDA:21,(anonymous_0)
DA:4,3
DA:11,21
DA:23,3
LF:3
LH:3
BRDA:6,0,0,18
BRDA:7,1,0,15
BRDA:8,2,0,12
BRDA:9,3,0,14
BRF:4
BRH:4
end_of_record
TN:
SF:src\Components\LogoLink\index.jsx
FN:5,(anonymous_0)
FNF:1
FNH:1
FNDA:6,(anonymous_0)
DA:5,1
DA:6,6
DA:15,1
LF:3
LH:3
BRDA:9,0,0,3
BRDA:9,0,1,3
BRF:2
BRH:2
end_of_record
TN:
SF:src\Components\MenuLink\index.jsx
FN:5,(anonymous_0)
FNF:1
FNH:1
FNDA:46,(anonymous_0)
DA:5,2
DA:10,46
DA:17,2
LF:3
LH:3
BRDA:7,0,0,9
BRDA:8,1,0,9
BRF:2
BRH:2
end_of_record
TN:
SF:src\Components\NavBar\index.jsx
FN:5,(anonymous_0)
FN:8,(anonymous_1)
FNF:2
FNH:2
FNDA:4,(anonymous_0)
FNDA:36,(anonymous_1)
DA:5,1
DA:6,4
DA:9,36
DA:15,1
LF:4
LH:4
BRDA:5,0,0,0
BRF:1
BRH:0
end_of_record
TN:
SF:src\Components\TextComponent\index.jsx
FN:4,(anonymous_0)
FNF:1
FNH:1
FNDA:2,(anonymous_0)
DA:4,1
DA:5,2
DA:8,1
LF:3
LH:3
BRF:0
BRH:0
end_of_record
TN:
SF:src\templates\App\index.jsx
FN:4,(anonymous_0)
FNF:1
FNH:1
FNDA:1,(anonymous_0)
DA:4,1
DA:5,1
LF:2
LH:2
BRF:0
BRH:0
end_of_record
